2023-05-18 22:09:34,966 test_single_2.py[line:39] INFO ======================================================
2023-05-18 22:09:34,966 test_single_2.py[line:40] INFO 用例标题: 验证输入的商品ID不存在提示用户
2023-05-18 22:09:34,966 test_single_2.py[line:41] INFO 数据: {'编号': 1, 'id': 'goods.fail.idnotexist', '前置操作': None, '后置操作': None, '地址': 'http://shop-xo.hctestedu.com/index.php?s=', '路径': 'api/goods/detail', '请求方法': 'post', '公共参数(PARAMS)': 'None', '请求头': 'None', '参数': '{"goods_id":"15"}', '参数类型': 'data', '文件': None, '校验字段': '$..msg;$.code', '校验类型': 'eq;eq', '预期结果': '"商品不存在或已删除";-1', '检查结果': None, '用例名': '验证输入的商品ID不存在提示用户', 'JSON提取_引用名称': None, 'JSON表达式': None, '正则提取_引用名称': None, '正则表达式': None, 'story(小模块)': 'F01S01_登陆', 'feature(大模块)': 'F01_华测电商', '备注': '验证输入的商品ID不存在提示用户', '级别': 'blocker', '数据库SQL引用': None, '引用数据库变量': None, '数据库预期': None}
2023-05-18 22:09:34,972 test_single_2.py[line:71] INFO ============进行前置操作===========
2023-05-18 22:09:34,972 test_single_2.py[line:88] INFO ============发送请求============
2023-05-18 22:09:34,972 test_single_2.py[line:159] INFO =======发起http请求=======
2023-05-18 22:09:35,195 log_decorate.py[line:34] INFO 
请求路径: http://shop-xo.hctestedu.com/index.php?s=api/goods/detail
请求方式: POST
请求头: {'User-Agent': 'python-requests/2.26.0', 'Accept-Encoding': 'gzip, deflate, br', 'Accept': '*/*', 'Connection': 'keep-alive', 'Content-Length': '11', 'Content-Type': 'application/x-www-form-urlencoded'}
请求体: goods_id=15
响应内容: {"msg":"商品不存在或已删除","code":-1,"data":""}
响应状态码: 200
2023-05-18 22:09:35,196 test_single_2.py[line:207] INFO =======json提取=======
2023-05-18 22:09:35,196 test_single_2.py[line:242] INFO =======正则提取=======
2023-05-18 22:09:35,196 test_single_2.py[line:320] INFO ============查看用例的结果是否有误============
2023-05-18 22:09:35,198 test_single_2.py[line:352] INFO ============结果检查============
2023-05-18 22:09:35,198 test_single_2.py[line:370] INFO =====进行校验 0
2023-05-18 22:09:35,199 test_single_2.py[line:373] INFO 预期结果: 商品不存在或已删除, 类型: <class 'str'>
2023-05-18 22:09:35,199 test_single_2.py[line:374] INFO 实际结果(false表示没找到): 商品不存在或已删除,类型: <class 'str'>
2023-05-18 22:09:35,199 test_single_2.py[line:377] INFO 将结果: True 通过 输入到表格 N2 中
2023-05-18 22:09:35,236 test_single_2.py[line:370] INFO =====进行校验 1
2023-05-18 22:09:35,236 test_single_2.py[line:373] INFO 预期结果: -1, 类型: <class 'int'>
2023-05-18 22:09:35,236 test_single_2.py[line:374] INFO 实际结果(false表示没找到): -1,类型: <class 'int'>
2023-05-18 22:09:35,236 test_single_2.py[line:377] INFO 将结果: True 通过 输入到表格 N2 中
2023-05-18 22:09:35,270 test_single_2.py[line:416] INFO 数据引用为空或者jdbc_request为空,不进行SQL断言判断
2023-05-18 22:09:35,273 test_single_2.py[line:74] INFO ============进行后置操作===========
