2023-05-14 17:46:45,849 test_single.py[line:28] INFO ======================================================
2023-05-14 17:46:45,850 test_single.py[line:29] INFO 用例标题: 成功调用登陆接口，msg返回登录成功
2023-05-14 17:46:45,850 test_single.py[line:30] INFO 数据: {'编号': 1, 'id': 'login.ok', '地址': 'http://shop-xo.hctestedu.com/index.php?s=', '路径': 'api/user/login', '请求方法': 'post', '公共参数(PARAMS)': '{"application": "app",\n"application_client_type": "weixin"}', '请求头': 'None', '参数': '{"accounts":"zxc","pwd":"123456","type": "username"}', '参数类型': 'json', '文件': None, '校验字段': '$..msg', '校验类型': 'eq', '预期结果': '登录成功', '检查结果': '通过', '用例名': '成功调用登陆接口，msg返回登录成功', 'JSON提取_引用名称': 'VAR_TOKEN;VAR_UID', 'JSON表达式': '$..token;$..id', '正则提取_引用名称': None, '正则表达式': None, 'story(小模块)': 'F01S01_登陆', 'feature(大模块)': 'F01_华测电商', '备注': '正常用例登陆', '级别': 'blocker', '数据库SQL': None, '数据库变量': None, '数据库预期': None}
2023-05-14 17:46:47,020 log_decorate.py[line:28] INFO 
请求路径: http://shop-xo.hctestedu.com/index.php?s=api/user/login&application=app&application_client_type=weixin
请求方式: POST
请求头: {'User-Agent': 'python-requests/2.26.0', 'Accept-Encoding': 'gzip, deflate, br', 'Accept': '*/*', 'Connection': 'keep-alive', 'Content-Length': '56', 'Content-Type': 'application/json'}
请求体: b'{"accounts": "zxc", "pwd": "123456", "type": "username"}'
响应内容: {"msg":"登录成功","code":0,"data":{"id":"24992","username":"zxc","nickname":"","mobile":"","email":"","avatar":"http:\/\/shop-xo.hctestedu.com\/static\/index\/default\/images\/default-user-avatar.jpg","alipay_openid":"","weixin_openid":"","weixin_unionid":"","weixin_web_openid":"","baidu_openid":"","toutiao_openid":"","qq_openid":"","qq_unionid":"","integral":"0","locking_integral":"0","referrer":"0","add_time":"1683260782","add_time_text":"2023-05-05 12:26:22","mobile_security":"","email_security":"","user_name_view":"zxc","is_mandatory_bind_mobile":0,"token":"8f09ab7456d74db2ffa29e328e3371c9"}}
响应状态码: 200
2023-05-14 17:46:47,021 test_single.py[line:81] INFO JSON提取_引用名称: ['VAR_TOKEN', 'VAR_UID']
2023-05-14 17:46:47,021 test_single.py[line:87] INFO JSON表达式: ['$..token', '$..id']
2023-05-14 17:46:47,022 test_single.py[line:132] INFO =====进行校验 0
2023-05-14 17:46:47,022 test_single.py[line:134] INFO 预期结果: 登录成功
2023-05-14 17:46:47,022 test_single.py[line:135] INFO 实际结果(false表示没找到): 登录成功
2023-05-14 18:00:23,580 test_single.py[line:28] INFO ======================================================
2023-05-14 18:00:23,580 test_single.py[line:29] INFO 用例标题: 成功调用登陆接口，msg返回登录成功
2023-05-14 18:00:23,580 test_single.py[line:30] INFO 数据: {'编号': 1, 'id': 'login.ok', '地址': 'http://shop-xo.hctestedu.com/index.php?s=', '路径': 'api/user/login', '请求方法': 'post', '公共参数(PARAMS)': '{"application": "app",\n"application_client_type": "weixin"}', '请求头': 'None', '参数': '{"accounts":"zxc","pwd":"123456","type": "username"}', '参数类型': 'json', '文件': None, '校验字段': '$..msg;$.data.username', '校验类型': 'eq;eq', '预期结果': '登录成功;["zxc"]', '检查结果': '通过', '用例名': '成功调用登陆接口，msg返回登录成功', 'JSON提取_引用名称': 'VAR_TOKEN;VAR_UID', 'JSON表达式': '$..token;$..id', '正则提取_引用名称': None, '正则表达式': None, 'story(小模块)': 'F01S01_登陆', 'feature(大模块)': 'F01_华测电商', '备注': '正常用例登陆', '级别': 'blocker', '数据库SQL': None, '数据库变量': None, '数据库预期': None}
2023-05-14 18:00:23,804 log_decorate.py[line:28] INFO 
请求路径: http://shop-xo.hctestedu.com/index.php?s=api/user/login&application=app&application_client_type=weixin
请求方式: POST
请求头: {'User-Agent': 'python-requests/2.26.0', 'Accept-Encoding': 'gzip, deflate, br', 'Accept': '*/*', 'Connection': 'keep-alive', 'Content-Length': '56', 'Content-Type': 'application/json'}
请求体: b'{"accounts": "zxc", "pwd": "123456", "type": "username"}'
响应内容: {"msg":"登录成功","code":0,"data":{"id":"24992","username":"zxc","nickname":"","mobile":"","email":"","avatar":"http:\/\/shop-xo.hctestedu.com\/static\/index\/default\/images\/default-user-avatar.jpg","alipay_openid":"","weixin_openid":"","weixin_unionid":"","weixin_web_openid":"","baidu_openid":"","toutiao_openid":"","qq_openid":"","qq_unionid":"","integral":"0","locking_integral":"0","referrer":"0","add_time":"1683260782","add_time_text":"2023-05-05 12:26:22","mobile_security":"","email_security":"","user_name_view":"zxc","is_mandatory_bind_mobile":0,"token":"eb2e67ba2a9f322bfacf48322d47bd77"}}
响应状态码: 200
2023-05-14 18:00:23,804 test_single.py[line:81] INFO JSON提取_引用名称: ['VAR_TOKEN', 'VAR_UID']
2023-05-14 18:00:23,804 test_single.py[line:87] INFO JSON表达式: ['$..token', '$..id']
2023-05-14 18:00:23,805 test_single.py[line:132] INFO =====进行校验 0
2023-05-14 18:00:23,806 test_single.py[line:134] INFO 预期结果: 登录成功
2023-05-14 18:00:23,806 test_single.py[line:135] INFO 实际结果(false表示没找到): 登录成功
2023-05-14 18:00:23,806 test_single.py[line:132] INFO =====进行校验 1
2023-05-14 18:00:23,806 test_single.py[line:134] INFO 预期结果: ['zxc']
2023-05-14 18:00:23,806 test_single.py[line:135] INFO 实际结果(false表示没找到): ['zxc']
2023-05-14 18:01:09,265 test_single.py[line:28] INFO ======================================================
2023-05-14 18:01:09,265 test_single.py[line:29] INFO 用例标题: 成功调用登陆接口，msg返回登录成功
2023-05-14 18:01:09,265 test_single.py[line:30] INFO 数据: {'编号': 1, 'id': 'login.ok', '地址': 'http://shop-xo.hctestedu.com/index.php?s=', '路径': 'api/user/login', '请求方法': 'post', '公共参数(PARAMS)': '{"application": "app",\n"application_client_type": "weixin"}', '请求头': 'None', '参数': '{"accounts":"zxc","pwd":"123456","type": "username"}', '参数类型': 'json', '文件': None, '校验字段': '$..msg;$.data.username', '校验类型': 'eq;eq', '预期结果': '登录成功;["zxc111"]', '检查结果': None, '用例名': '成功调用登陆接口，msg返回登录成功', 'JSON提取_引用名称': 'VAR_TOKEN;VAR_UID', 'JSON表达式': '$..token;$..id', '正则提取_引用名称': None, '正则表达式': None, 'story(小模块)': 'F01S01_登陆', 'feature(大模块)': 'F01_华测电商', '备注': '正常用例登陆', '级别': 'blocker', '数据库SQL': None, '数据库变量': None, '数据库预期': None}
2023-05-14 18:01:09,414 log_decorate.py[line:28] INFO 
请求路径: http://shop-xo.hctestedu.com/index.php?s=api/user/login&application=app&application_client_type=weixin
请求方式: POST
请求头: {'User-Agent': 'python-requests/2.26.0', 'Accept-Encoding': 'gzip, deflate, br', 'Accept': '*/*', 'Connection': 'keep-alive', 'Content-Length': '56', 'Content-Type': 'application/json'}
请求体: b'{"accounts": "zxc", "pwd": "123456", "type": "username"}'
响应内容: {"msg":"登录成功","code":0,"data":{"id":"24992","username":"zxc","nickname":"","mobile":"","email":"","avatar":"http:\/\/shop-xo.hctestedu.com\/static\/index\/default\/images\/default-user-avatar.jpg","alipay_openid":"","weixin_openid":"","weixin_unionid":"","weixin_web_openid":"","baidu_openid":"","toutiao_openid":"","qq_openid":"","qq_unionid":"","integral":"0","locking_integral":"0","referrer":"0","add_time":"1683260782","add_time_text":"2023-05-05 12:26:22","mobile_security":"","email_security":"","user_name_view":"zxc","is_mandatory_bind_mobile":0,"token":"af31f31ba437427b4072bd19365b2f5d"}}
响应状态码: 200
2023-05-14 18:01:09,415 test_single.py[line:81] INFO JSON提取_引用名称: ['VAR_TOKEN', 'VAR_UID']
2023-05-14 18:01:09,415 test_single.py[line:87] INFO JSON表达式: ['$..token', '$..id']
2023-05-14 18:01:09,416 test_single.py[line:132] INFO =====进行校验 0
2023-05-14 18:01:09,416 test_single.py[line:134] INFO 预期结果: 登录成功
2023-05-14 18:01:09,416 test_single.py[line:135] INFO 实际结果(false表示没找到): 登录成功
2023-05-14 18:01:09,416 test_single.py[line:132] INFO =====进行校验 1
2023-05-14 18:01:09,417 test_single.py[line:134] INFO 预期结果: ['zxc111']
2023-05-14 18:01:09,417 test_single.py[line:135] INFO 实际结果(false表示没找到): ['zxc']
